[2023-09-09T17:02:42.232Z] error: 	The application had a critical error and failed to run
[2023-09-09T17:02:42.232Z] error: 	Exception produced: Error: Cannot inject the dependency at position #1 of "Watermark" constructor. Reason:
    ENOENT: no such file or directory, scandir 'Aki_Data/Server/configs/'
[2023-09-09T17:02:42.234Z] error: 	
Stacktrace:
 Error: Cannot inject the dependency at position #1 of "Watermark" constructor. Reason:
    ENOENT: no such file or directory, scandir 'Aki_Data/Server/configs/'
    at C:\snapshot\project\node_modules\tsyringe\dist\cjs\dependency-container.js:324:23
    at Array.map (<anonymous>)
    at C:\snapshot\project\node_modules\tsyringe\dist\cjs\dependency-container.js:295:38
    at InternalDependencyContainer.construct (C:\snapshot\project\node_modules\tsyringe\dist\cjs\dependency-container.js:297:11)
    at InternalDependencyContainer.resolveRegistration (C:\snapshot\project\node_modules\tsyringe\dist\cjs\dependency-container.js:166:51)
    at InternalDependencyContainer.resolve (C:\snapshot\project\node_modules\tsyringe\dist\cjs\dependency-container.js:109:33)
    at Program.start (C:\snapshot\project\obj\Program.js)
    at Object.<anonymous> (C:\snapshot\project\obj\ide\ReleaseEntry.js)
    at Module._compile (pkg/prelude/bootstrap.js:1926:22)
    at Object.Module._extensions..js (node:internal/modules/cjs/loader:1159:10)
[2023-09-09T17:06:21.141Z] error: 	The application had a critical error and failed to run
[2023-09-09T17:06:21.141Z] error: 	Exception produced: Error: Cannot inject the dependency at position #1 of "Watermark" constructor. Reason:
    ENOENT: no such file or directory, scandir 'Aki_Data/Server/configs/'
[2023-09-09T17:06:21.143Z] error: 	
Stacktrace:
 Error: Cannot inject the dependency at position #1 of "Watermark" constructor. Reason:
    ENOENT: no such file or directory, scandir 'Aki_Data/Server/configs/'
    at C:\snapshot\project\node_modules\tsyringe\dist\cjs\dependency-container.js:324:23
    at Array.map (<anonymous>)
    at C:\snapshot\project\node_modules\tsyringe\dist\cjs\dependency-container.js:295:38
    at InternalDependencyContainer.construct (C:\snapshot\project\node_modules\tsyringe\dist\cjs\dependency-container.js:297:11)
    at InternalDependencyContainer.resolveRegistration (C:\snapshot\project\node_modules\tsyringe\dist\cjs\dependency-container.js:166:51)
    at InternalDependencyContainer.resolve (C:\snapshot\project\node_modules\tsyringe\dist\cjs\dependency-container.js:109:33)
    at Program.start (C:\snapshot\project\obj\Program.js)
    at Object.<anonymous> (C:\snapshot\project\obj\ide\ReleaseEntry.js)
    at Module._compile (pkg/prelude/bootstrap.js:1926:22)
    at Object.Module._extensions..js (node:internal/modules/cjs/loader:1159:10)
